2026-02-27 12:08:44,712 [INFO] amids.orchestrator - Starting AMIDS daily run for 2026-02-27
2026-02-27 12:08:44,755 [INFO] amids.agents.data_agent - Data Agent: starting ingestion for 2026-02-27
2026-02-27 12:15:57,151 [INFO] amids.orchestrator - Starting AMIDS daily run for 2026-02-27
2026-02-27 12:15:57,153 [INFO] amids.agents.data_agent - Data Agent: starting ingestion for 2026-02-27
2026-02-27 12:15:57,159 [INFO] amids.agents.data_agent - Data Agent: ingested 360 campaign rows
2026-02-27 12:15:57,160 [INFO] amids.agents.validation_agent - Validation Agent: running checks for 2026-02-27
2026-02-27 12:15:57,164 [INFO] amids.agents.validation_agent - Validation Agent: spend_nulls=0 revenue_nulls=0 duplicate_rows=0 total_spend=33483.96 total_revenue=48262.74
2026-02-27 12:15:57,165 [INFO] amids.agents.kpi_agent - KPI Agent: computing KPIs up to 2026-02-27
2026-02-27 12:15:57,173 [INFO] amids.agents.kpi_agent - KPI Agent: KPI snapshot refreshed
2026-02-27 12:15:57,173 [INFO] amids.agents.anomaly_agent - Anomaly Agent: detecting anomalies for 2026-02-27
2026-02-27 12:15:57,232 [INFO] amids.agents.anomaly_agent - Anomaly Agent: inserted 17 anomalies
2026-02-27 12:15:57,233 [INFO] amids.agents.rootcause_agent - Root Cause Agent: starting analysis
2026-02-27 12:15:57,237 [INFO] amids.agents.rootcause_agent - Root Cause Agent: completed for 17 anomalies
2026-02-27 12:15:57,237 [INFO] amids.agents.forecast_agent - Forecast Agent: building forecasts as of 2026-02-27
2026-02-27 12:15:57,284 [INFO] amids.agents.forecast_agent - Forecast Agent: forecasts stored
2026-02-27 12:15:57,285 [INFO] amids.agents.ai_insight_agent - AI Insight Agent: generating summary for 2026-02-20 - 2026-02-27
2026-02-27 12:16:15,611 [INFO] amids.orchestrator - Starting AMIDS daily run for 2026-02-27
2026-02-27 12:16:15,614 [INFO] amids.agents.data_agent - Data Agent: starting ingestion for 2026-02-27
2026-02-27 12:16:15,638 [INFO] amids.agents.data_agent - Data Agent: ingested 360 campaign rows
2026-02-27 12:16:15,639 [INFO] amids.agents.validation_agent - Validation Agent: running checks for 2026-02-27
2026-02-27 12:16:15,643 [INFO] amids.agents.validation_agent - Validation Agent: spend_nulls=0 revenue_nulls=0 duplicate_rows=0 total_spend=25889.44 total_revenue=26390.78
2026-02-27 12:16:15,644 [INFO] amids.agents.kpi_agent - KPI Agent: computing KPIs up to 2026-02-27
2026-02-27 12:16:15,656 [INFO] amids.agents.kpi_agent - KPI Agent: KPI snapshot refreshed
2026-02-27 12:16:15,657 [INFO] amids.agents.anomaly_agent - Anomaly Agent: detecting anomalies for 2026-02-27
2026-02-27 12:16:15,723 [INFO] amids.agents.anomaly_agent - Anomaly Agent: inserted 16 anomalies
2026-02-27 12:16:15,724 [INFO] amids.agents.rootcause_agent - Root Cause Agent: starting analysis
2026-02-27 12:16:15,730 [INFO] amids.agents.rootcause_agent - Root Cause Agent: completed for 16 anomalies
2026-02-27 12:16:15,731 [INFO] amids.agents.forecast_agent - Forecast Agent: building forecasts as of 2026-02-27
2026-02-27 12:16:15,755 [INFO] amids.agents.forecast_agent - Forecast Agent: forecasts stored
2026-02-27 12:16:15,756 [INFO] amids.agents.ai_insight_agent - AI Insight Agent: generating summary for 2026-02-20 - 2026-02-27
2026-02-27 12:18:19,429 [INFO] amids.orchestrator - Starting AMIDS daily run for 2026-02-27
2026-02-27 12:18:19,431 [INFO] amids.agents.data_agent - Data Agent: starting ingestion for 2026-02-27
2026-02-27 12:18:19,453 [INFO] amids.agents.data_agent - Data Agent: ingested 360 campaign rows
2026-02-27 12:18:19,453 [INFO] amids.agents.validation_agent - Validation Agent: running checks for 2026-02-27
2026-02-27 12:18:19,460 [INFO] amids.agents.validation_agent - Validation Agent: spend_nulls=0 revenue_nulls=0 duplicate_rows=0 total_spend=38958.90 total_revenue=56185.31
2026-02-27 12:18:19,461 [INFO] amids.agents.kpi_agent - KPI Agent: computing KPIs up to 2026-02-27
2026-02-27 12:18:19,475 [INFO] amids.agents.kpi_agent - KPI Agent: KPI snapshot refreshed
2026-02-27 12:18:19,475 [INFO] amids.agents.anomaly_agent - Anomaly Agent: detecting anomalies for 2026-02-27
2026-02-27 12:18:19,547 [INFO] amids.agents.anomaly_agent - Anomaly Agent: inserted 16 anomalies
2026-02-27 12:18:19,547 [INFO] amids.agents.rootcause_agent - Root Cause Agent: starting analysis
2026-02-27 12:18:19,555 [INFO] amids.agents.rootcause_agent - Root Cause Agent: completed for 16 anomalies
2026-02-27 12:18:19,555 [INFO] amids.agents.forecast_agent - Forecast Agent: building forecasts as of 2026-02-27
2026-02-27 12:18:19,586 [INFO] amids.agents.forecast_agent - Forecast Agent: forecasts stored
2026-02-27 12:18:19,586 [INFO] amids.agents.ai_insight_agent - AI Insight Agent: generating summary for 2026-02-20 - 2026-02-27
2026-02-27 12:18:19,591 [INFO] amids.agents.ai_insight_agent - AI Insight Agent: wrote C:\Users\Vijay\OneDrive\Desktop\Python\cittaai_phase1_beta\amids\reports\executive_summary_2026-02-27.txt
2026-02-27 12:18:19,592 [INFO] amids.agents.dashboard_agent - Dashboard Agent: recorded refresh marker at C:\Users\Vijay\OneDrive\Desktop\Python\cittaai_phase1_beta\amids\dashboard\last_refresh.txt
2026-02-27 12:18:19,593 [INFO] amids.orchestrator - Completed AMIDS daily run for 2026-02-27
